This is pdfTeX, Version 3.141592653-2.6-1.40.25 (TeX Live 2023) (preloaded format=pdflatex 2023.4.7)  7 APR 2023 15:53
entering extended mode
 restricted \write18 enabled.
 %&-line parsing enabled.
**eda_oxidative_stress_inflammation_stress.tex
(./eda_oxidative_stress_inflammation_stress.tex
LaTeX2e <2022-11-01> patch level 1
L3 programming layer <2023-03-30> (c:/Users/dnaum/AppData/Roaming/TinyTeX/texmf-dist/tex/latex/base/article.cls
Document Class: article 2022/07/02 v1.4n Standard LaTeX document class
(c:/Users/dnaum/AppData/Roaming/TinyTeX/texmf-dist/tex/latex/base/size10.clo
File: size10.clo 2022/07/02 v1.4n Standard LaTeX file (size option)
)
\c@part=\count185
\c@section=\count186
\c@subsection=\count187
\c@subsubsection=\count188
\c@paragraph=\count189
\c@subparagraph=\count190
\c@figure=\count191
\c@table=\count192
\abovecaptionskip=\skip48
\belowcaptionskip=\skip49
\bibindent=\dimen140
) (c:/Users/dnaum/AppData/Roaming/TinyTeX/texmf-dist/tex/latex/amsmath/amsmath.sty
Package: amsmath 2022/04/08 v2.17n AMS math features
\@mathmargin=\skip50
For additional information on amsmath, use the `?' option.
(c:/Users/dnaum/AppData/Roaming/TinyTeX/texmf-dist/tex/latex/amsmath/amstext.sty
Package: amstext 2021/08/26 v2.01 AMS text
(c:/Users/dnaum/AppData/Roaming/TinyTeX/texmf-dist/tex/latex/amsmath/amsgen.sty
File: amsgen.sty 1999/11/30 v2.0 generic functions
\@emptytoks=\toks16
\ex@=\dimen141
)) (c:/Users/dnaum/AppData/Roaming/TinyTeX/texmf-dist/tex/latex/amsmath/amsbsy.sty
Package: amsbsy 1999/11/29 v1.2d Bold Symbols
\pmbraise@=\dimen142
) (c:/Users/dnaum/AppData/Roaming/TinyTeX/texmf-dist/tex/latex/amsmath/amsopn.sty
Package: amsopn 2022/04/08 v2.04 operator names
)
\inf@bad=\count193
LaTeX Info: Redefining \frac on input line 234.
\uproot@=\count194
\leftroot@=\count195
LaTeX Info: Redefining \overline on input line 399.
LaTeX Info: Redefining \colon on input line 410.
\classnum@=\count196
\DOTSCASE@=\count197
LaTeX Info: Redefining \ldots on input line 496.
LaTeX Info: Redefining \dots on input line 499.
LaTeX Info: Redefining \cdots on input line 620.
\Mathstrutbox@=\box51
\strutbox@=\box52
LaTeX Info: Redefining \big on input line 722.
LaTeX Info: Redefining \Big on input line 723.
LaTeX Info: Redefining \bigg on input line 724.
LaTeX Info: Redefining \Bigg on input line 725.
\big@size=\dimen143
LaTeX Font Info:    Redeclaring font encoding OML on input line 743.
LaTeX Font Info:    Redeclaring font encoding OMS on input line 744.
\macc@depth=\count198
LaTeX Info: Redefining \bmod on input line 905.
LaTeX Info: Redefining \pmod on input line 910.
LaTeX Info: Redefining \smash on input line 940.
LaTeX Info: Redefining \relbar on input line 970.
LaTeX Info: Redefining \Relbar on input line 971.
\c@MaxMatrixCols=\count199
\dotsspace@=\muskip16
\c@parentequation=\count266
\dspbrk@lvl=\count267
\tag@help=\toks17
\row@=\count268
\column@=\count269
\maxfields@=\count270
\andhelp@=\toks18
\eqnshift@=\dimen144
\alignsep@=\dimen145
\tagshift@=\dimen146
\tagwidth@=\dimen147
\totwidth@=\dimen148
\lineht@=\dimen149
\@envbody=\toks19
\multlinegap=\skip51
\multlinetaggap=\skip52
\mathdisplay@stack=\toks20
LaTeX Info: Redefining \[ on input line 2953.
LaTeX Info: Redefining \] on input line 2954.
) (c:/Users/dnaum/AppData/Roaming/TinyTeX/texmf-dist/tex/latex/amsfonts/amssymb.sty
Package: amssymb 2013/01/14 v3.01 AMS font symbols
(c:/Users/dnaum/AppData/Roaming/TinyTeX/texmf-dist/tex/latex/amsfonts/amsfonts.sty
Package: amsfonts 2013/01/14 v3.01 Basic AMSFonts support
\symAMSa=\mathgroup4
\symAMSb=\mathgroup5
LaTeX Font Info:    Redeclaring math symbol \hbar on input line 98.
LaTeX Font Info:    Overwriting math alphabet `\mathfrak' in version `bold'
(Font)                  U/euf/m/n --> U/euf/b/n on input line 106.
)) (c:/Users/dnaum/AppData/Roaming/TinyTeX/texmf-dist/tex/latex/lm/lmodern.sty
Package: lmodern 2015/05/01 v1.6.1 Latin Modern Fonts
LaTeX Font Info:    Overwriting symbol font `operators' in version `normal'
(Font)                  OT1/cmr/m/n --> OT1/lmr/m/n on input line 22.
LaTeX Font Info:    Overwriting symbol font `letters' in version `normal'
(Font)                  OML/cmm/m/it --> OML/lmm/m/it on input line 23.
LaTeX Font Info:    Overwriting symbol font `symbols' in version `normal'
(Font)                  OMS/cmsy/m/n --> OMS/lmsy/m/n on input line 24.
LaTeX Font Info:    Overwriting symbol font `largesymbols' in version `normal'
(Font)                  OMX/cmex/m/n --> OMX/lmex/m/n on input line 25.
LaTeX Font Info:    Overwriting symbol font `operators' in version `bold'
(Font)                  OT1/cmr/bx/n --> OT1/lmr/bx/n on input line 26.
LaTeX Font Info:    Overwriting symbol font `letters' in version `bold'
(Font)                  OML/cmm/b/it --> OML/lmm/b/it on input line 27.
LaTeX Font Info:    Overwriting symbol font `symbols' in version `bold'
(Font)                  OMS/cmsy/b/n --> OMS/lmsy/b/n on input line 28.
LaTeX Font Info:    Overwriting symbol font `largesymbols' in version `bold'
(Font)                  OMX/cmex/m/n --> OMX/lmex/m/n on input line 29.
LaTeX Font Info:    Overwriting math alphabet `\mathbf' in version `normal'
(Font)                  OT1/cmr/bx/n --> OT1/lmr/bx/n on input line 31.
LaTeX Font Info:    Overwriting math alphabet `\mathsf' in version `normal'
(Font)                  OT1/cmss/m/n --> OT1/lmss/m/n on input line 32.
LaTeX Font Info:    Overwriting math alphabet `\mathit' in version `normal'
(Font)                  OT1/cmr/m/it --> OT1/lmr/m/it on input line 33.
LaTeX Font Info:    Overwriting math alphabet `\mathtt' in version `normal'
(Font)                  OT1/cmtt/m/n --> OT1/lmtt/m/n on input line 34.
LaTeX Font Info:    Overwriting math alphabet `\mathbf' in version `bold'
(Font)                  OT1/cmr/bx/n --> OT1/lmr/bx/n on input line 35.
LaTeX Font Info:    Overwriting math alphabet `\mathsf' in version `bold'
(Font)                  OT1/cmss/bx/n --> OT1/lmss/bx/n on input line 36.
LaTeX Font Info:    Overwriting math alphabet `\mathit' in version `bold'
(Font)                  OT1/cmr/bx/it --> OT1/lmr/bx/it on input line 37.
LaTeX Font Info:    Overwriting math alphabet `\mathtt' in version `bold'
(Font)                  OT1/cmtt/m/n --> OT1/lmtt/m/n on input line 38.
) (c:/Users/dnaum/AppData/Roaming/TinyTeX/texmf-dist/tex/generic/iftex/iftex.sty
Package: iftex 2022/02/03 v1.0f TeX engine tests
) (c:/Users/dnaum/AppData/Roaming/TinyTeX/texmf-dist/tex/latex/base/fontenc.sty
Package: fontenc 2021/04/29 v2.0v Standard LaTeX package
LaTeX Font Info:    Trying to load font information for T1+lmr on input line 112.
(c:/Users/dnaum/AppData/Roaming/TinyTeX/texmf-dist/tex/latex/lm/t1lmr.fd
File: t1lmr.fd 2015/05/01 v1.6.1 Font defs for Latin Modern
)) (c:/Users/dnaum/AppData/Roaming/TinyTeX/texmf-dist/tex/latex/base/inputenc.sty
Package: inputenc 2021/02/14 v1.3d Input encoding file
\inpenc@prehook=\toks21
\inpenc@posthook=\toks22
) (c:/Users/dnaum/AppData/Roaming/TinyTeX/texmf-dist/tex/latex/base/textcomp.sty
Package: textcomp 2020/02/02 v2.0n Standard LaTeX package
) (c:/Users/dnaum/AppData/Roaming/TinyTeX/texmf-dist/tex/latex/xcolor/xcolor.sty
Package: xcolor 2022/06/12 v2.14 LaTeX color extensions (UK)
(c:/Users/dnaum/AppData/Roaming/TinyTeX/texmf-dist/tex/latex/graphics-cfg/color.cfg
File: color.cfg 2016/01/02 v1.6 sample color configuration
)
Package xcolor Info: Driver file: pdftex.def on input line 227.
(c:/Users/dnaum/AppData/Roaming/TinyTeX/texmf-dist/tex/latex/graphics-def/pdftex.def
File: pdftex.def 2022/09/22 v1.2b Graphics/color driver for pdftex
) (c:/Users/dnaum/AppData/Roaming/TinyTeX/texmf-dist/tex/latex/graphics/mathcolor.ltx)
Package xcolor Info: Model `cmy' substituted by `cmy0' on input line 1353.
Package xcolor Info: Model `hsb' substituted by `rgb' on input line 1357.
Package xcolor Info: Model `RGB' extended on input line 1369.
Package xcolor Info: Model `HTML' substituted by `rgb' on input line 1371.
Package xcolor Info: Model `Hsb' substituted by `hsb' on input line 1372.
Package xcolor Info: Model `tHsb' substituted by `hsb' on input line 1373.
Package xcolor Info: Model `HSB' substituted by `hsb' on input line 1374.
Package xcolor Info: Model `Gray' substituted by `gray' on input line 1375.
Package xcolor Info: Model `wave' substituted by `hsb' on input line 1376.
) (c:/Users/dnaum/AppData/Roaming/TinyTeX/texmf-dist/tex/latex/hyperref/hyperref.sty
Package: hyperref 2023-02-07 v7.00v Hypertext links for LaTeX
(c:/Users/dnaum/AppData/Roaming/TinyTeX/texmf-dist/tex/generic/ltxcmds/ltxcmds.sty
Package: ltxcmds 2020-05-10 v1.25 LaTeX kernel commands for general use (HO)
) (c:/Users/dnaum/AppData/Roaming/TinyTeX/texmf-dist/tex/generic/pdftexcmds/pdftexcmds.sty
Package: pdftexcmds 2020-06-27 v0.33 Utility functions of pdfTeX for LuaTeX (HO)
(c:/Users/dnaum/AppData/Roaming/TinyTeX/texmf-dist/tex/generic/infwarerr/infwarerr.sty
Package: infwarerr 2019/12/03 v1.5 Providing info/warning/error messages (HO)
)
Package pdftexcmds Info: \pdf@primitive is available.
Package pdftexcmds Info: \pdf@ifprimitive is available.
Package pdftexcmds Info: \pdfdraftmode found.
) (c:/Users/dnaum/AppData/Roaming/TinyTeX/texmf-dist/tex/latex/graphics/keyval.sty
Package: keyval 2022/05/29 v1.15 key=value parser (DPC)
\KV@toks@=\toks23
) (c:/Users/dnaum/AppData/Roaming/TinyTeX/texmf-dist/tex/latex/kvsetkeys/kvsetkeys.sty
Package: kvsetkeys 2022-10-05 v1.19 Key value parser (HO)
) (c:/Users/dnaum/AppData/Roaming/TinyTeX/texmf-dist/tex/generic/kvdefinekeys/kvdefinekeys.sty
Package: kvdefinekeys 2019-12-19 v1.6 Define keys (HO)
) (c:/Users/dnaum/AppData/Roaming/TinyTeX/texmf-dist/tex/generic/pdfescape/pdfescape.sty
Package: pdfescape 2019/12/09 v1.15 Implements pdfTeX's escape features (HO)
) (c:/Users/dnaum/AppData/Roaming/TinyTeX/texmf-dist/tex/latex/hycolor/hycolor.sty
Package: hycolor 2020-01-27 v1.10 Color options for hyperref/bookmark (HO)
) (c:/Users/dnaum/AppData/Roaming/TinyTeX/texmf-dist/tex/latex/letltxmacro/letltxmacro.sty
Package: letltxmacro 2019/12/03 v1.6 Let assignment for LaTeX macros (HO)
) (c:/Users/dnaum/AppData/Roaming/TinyTeX/texmf-dist/tex/latex/auxhook/auxhook.sty
Package: auxhook 2019-12-17 v1.6 Hooks for auxiliary files (HO)
) (c:/Users/dnaum/AppData/Roaming/TinyTeX/texmf-dist/tex/latex/hyperref/nameref.sty
Package: nameref 2022-05-17 v2.50 Cross-referencing by name of section
(c:/Users/dnaum/AppData/Roaming/TinyTeX/texmf-dist/tex/latex/refcount/refcount.sty
Package: refcount 2019/12/15 v3.6 Data extraction from label references (HO)
) (c:/Users/dnaum/AppData/Roaming/TinyTeX/texmf-dist/tex/generic/gettitlestring/gettitlestring.sty
Package: gettitlestring 2019/12/15 v1.6 Cleanup title references (HO)
(c:/Users/dnaum/AppData/Roaming/TinyTeX/texmf-dist/tex/latex/kvoptions/kvoptions.sty
Package: kvoptions 2022-06-15 v3.15 Key value format for package options (HO)
))
\c@section@level=\count271
)
\@linkdim=\dimen150
\Hy@linkcounter=\count272
\Hy@pagecounter=\count273
(c:/Users/dnaum/AppData/Roaming/TinyTeX/texmf-dist/tex/latex/hyperref/pd1enc.def
File: pd1enc.def 2023-02-07 v7.00v Hyperref: PDFDocEncoding definition (HO)
Now handling font encoding PD1 ...
... no UTF-8 mapping file for font encoding PD1
) (c:/Users/dnaum/AppData/Roaming/TinyTeX/texmf-dist/tex/generic/intcalc/intcalc.sty
Package: intcalc 2019/12/15 v1.3 Expandable calculations with integers (HO)
) (c:/Users/dnaum/AppData/Roaming/TinyTeX/texmf-dist/tex/generic/etexcmds/etexcmds.sty
Package: etexcmds 2019/12/15 v1.7 Avoid name clashes with e-TeX commands (HO)
)
\Hy@SavedSpaceFactor=\count274
(c:/Users/dnaum/AppData/Roaming/TinyTeX/texmf-dist/tex/latex/hyperref/puenc.def
File: puenc.def 2023-02-07 v7.00v Hyperref: PDF Unicode definition (HO)
Now handling font encoding PU ...
... no UTF-8 mapping file for font encoding PU
)
Package hyperref Info: Option `unicode' set `true' on input line 4060.
Package hyperref Info: Hyper figures OFF on input line 4177.
Package hyperref Info: Link nesting OFF on input line 4182.
Package hyperref Info: Hyper index ON on input line 4185.
Package hyperref Info: Plain pages OFF on input line 4192.
Package hyperref Info: Backreferencing OFF on input line 4197.
Package hyperref Info: Implicit mode ON; LaTeX internals redefined.
Package hyperref Info: Bookmarks ON on input line 4425.
\c@Hy@tempcnt=\count275
(c:/Users/dnaum/AppData/Roaming/TinyTeX/texmf-dist/tex/latex/url/url.sty
\Urlmuskip=\muskip17
Package: url 2013/09/16  ver 3.4  Verb mode for urls, etc.
)
LaTeX Info: Redefining \url on input line 4763.
\XeTeXLinkMargin=\dimen151
(c:/Users/dnaum/AppData/Roaming/TinyTeX/texmf-dist/tex/generic/bitset/bitset.sty
Package: bitset 2019/12/09 v1.3 Handle bit-vector datatype (HO)
(c:/Users/dnaum/AppData/Roaming/TinyTeX/texmf-dist/tex/generic/bigintcalc/bigintcalc.sty
Package: bigintcalc 2019/12/15 v1.5 Expandable calculations on big integers (HO)
))
\Fld@menulength=\count276
\Field@Width=\dimen152
\Fld@charsize=\dimen153
Package hyperref Info: Hyper figures OFF on input line 6042.
Package hyperref Info: Link nesting OFF on input line 6047.
Package hyperref Info: Hyper index ON on input line 6050.
Package hyperref Info: backreferencing OFF on input line 6057.
Package hyperref Info: Link coloring OFF on input line 6062.
Package hyperref Info: Link coloring with OCG OFF on input line 6067.
Package hyperref Info: PDF/A mode OFF on input line 6072.
(c:/Users/dnaum/AppData/Roaming/TinyTeX/texmf-dist/tex/latex/base/atbegshi-ltx.sty
Package: atbegshi-ltx 2021/01/10 v1.0c Emulation of the original atbegshi
package with kernel methods
)
\Hy@abspage=\count277
\c@Item=\count278
\c@Hfootnote=\count279
)
Package hyperref Info: Driver (autodetected): hpdftex.
(c:/Users/dnaum/AppData/Roaming/TinyTeX/texmf-dist/tex/latex/hyperref/hpdftex.def
File: hpdftex.def 2023-02-07 v7.00v Hyperref driver for pdfTeX
(c:/Users/dnaum/AppData/Roaming/TinyTeX/texmf-dist/tex/latex/base/atveryend-ltx.sty
Package: atveryend-ltx 2020/08/19 v1.0a Emulation of the original atveryend package
with kernel methods
)
\Fld@listcount=\count280
\c@bookmark@seq@number=\count281
(c:/Users/dnaum/AppData/Roaming/TinyTeX/texmf-dist/tex/latex/rerunfilecheck/rerunfilecheck.sty
Package: rerunfilecheck 2022-07-10 v1.10 Rerun checks for auxiliary files (HO)
(c:/Users/dnaum/AppData/Roaming/TinyTeX/texmf-dist/tex/generic/uniquecounter/uniquecounter.sty
Package: uniquecounter 2019/12/15 v1.4 Provide unlimited unique counter (HO)
)
Package uniquecounter Info: New unique counter `rerunfilecheck' on input line 285.
)
\Hy@SectionHShift=\skip53
) (c:/Users/dnaum/AppData/Roaming/TinyTeX/texmf-dist/tex/latex/geometry/geometry.sty
Package: geometry 2020/01/02 v5.9 Page Geometry
(c:/Users/dnaum/AppData/Roaming/TinyTeX/texmf-dist/tex/generic/iftex/ifvtex.sty
Package: ifvtex 2019/10/25 v1.7 ifvtex legacy package. Use iftex instead.
)
\Gm@cnth=\count282
\Gm@cntv=\count283
\c@Gm@tempcnt=\count284
\Gm@bindingoffset=\dimen154
\Gm@wd@mp=\dimen155
\Gm@odd@mp=\dimen156
\Gm@even@mp=\dimen157
\Gm@layoutwidth=\dimen158
\Gm@layoutheight=\dimen159
\Gm@layouthoffset=\dimen160
\Gm@layoutvoffset=\dimen161
\Gm@dimlist=\toks24
) (c:/Users/dnaum/AppData/Roaming/TinyTeX/texmf-dist/tex/latex/graphics/graphicx.sty
Package: graphicx 2021/09/16 v1.2d Enhanced LaTeX Graphics (DPC,SPQR)
(c:/Users/dnaum/AppData/Roaming/TinyTeX/texmf-dist/tex/latex/graphics/graphics.sty
Package: graphics 2022/03/10 v1.4e Standard LaTeX Graphics (DPC,SPQR)
(c:/Users/dnaum/AppData/Roaming/TinyTeX/texmf-dist/tex/latex/graphics/trig.sty
Package: trig 2021/08/11 v1.11 sin cos tan (DPC)
) (c:/Users/dnaum/AppData/Roaming/TinyTeX/texmf-dist/tex/latex/graphics-cfg/graphics.cfg
File: graphics.cfg 2016/06/04 v1.11 sample graphics configuration
)
Package graphics Info: Driver file: pdftex.def on input line 107.
)
\Gin@req@height=\dimen162
\Gin@req@width=\dimen163
) (c:/Users/dnaum/AppData/Roaming/TinyTeX/texmf-dist/tex/latex/booktabs/booktabs.sty
Package: booktabs 2020/01/12 v1.61803398 Publication quality tables
\heavyrulewidth=\dimen164
\lightrulewidth=\dimen165
\cmidrulewidth=\dimen166
\belowrulesep=\dimen167
\belowbottomsep=\dimen168
\aboverulesep=\dimen169
\abovetopsep=\dimen170
\cmidrulesep=\dimen171
\cmidrulekern=\dimen172
\defaultaddspace=\dimen173
\@cmidla=\count285
\@cmidlb=\count286
\@aboverulesep=\dimen174
\@belowrulesep=\dimen175
\@thisruleclass=\count287
\@lastruleclass=\count288
\@thisrulewidth=\dimen176
) (c:/Users/dnaum/AppData/Roaming/TinyTeX/texmf-dist/tex/latex/tools/longtable.sty
Package: longtable 2021-09-01 v4.17 Multi-page Table package (DPC)
\LTleft=\skip54
\LTright=\skip55
\LTpre=\skip56
\LTpost=\skip57
\LTchunksize=\count289
\LTcapwidth=\dimen177
\LT@head=\box53
\LT@firsthead=\box54
\LT@foot=\box55
\LT@lastfoot=\box56
\LT@gbox=\box57
\LT@cols=\count290
\LT@rows=\count291
\c@LT@tables=\count292
\c@LT@chunks=\count293
\LT@p@ftn=\toks25
) (c:/Users/dnaum/AppData/Roaming/TinyTeX/texmf-dist/tex/latex/tools/array.sty
Package: array 2022/09/04 v2.5g Tabular extension package (FMi)
\col@sep=\dimen178
\ar@mcellbox=\box58
\extrarowheight=\dimen179
\NC@list=\toks26
\extratabsurround=\skip58
\backup@length=\skip59
\ar@cellbox=\box59
) (c:/Users/dnaum/AppData/Roaming/TinyTeX/texmf-dist/tex/latex/multirow/multirow.sty
Package: multirow 2021/03/15 v2.8 Span multiple rows of a table
\multirow@colwidth=\skip60
\multirow@cntb=\count294
\multirow@dima=\skip61
\bigstrutjot=\dimen180
) (c:/Users/dnaum/AppData/Roaming/TinyTeX/texmf-dist/tex/latex/wrapfig/wrapfig.sty
\wrapoverhang=\dimen181
\WF@size=\dimen182
\c@WF@wrappedlines=\count295
\WF@box=\box60
\WF@everypar=\toks27
Package: wrapfig 2003/01/31  v 3.6
) (c:/Users/dnaum/AppData/Roaming/TinyTeX/texmf-dist/tex/latex/float/float.sty
Package: float 2001/11/08 v1.3d Float enhancements (AL)
\c@float@type=\count296
\float@exts=\toks28
\float@box=\box61
\@float@everytoks=\toks29
\@floatcapt=\box62
) (c:/Users/dnaum/AppData/Roaming/TinyTeX/texmf-dist/tex/latex/colortbl/colortbl.sty
Package: colortbl 2022/06/20 v1.0f Color table columns (DPC)
\everycr=\toks30
\minrowclearance=\skip62
\rownum=\count297
) (c:/Users/dnaum/AppData/Roaming/TinyTeX/texmf-dist/tex/latex/pdflscape/pdflscape.sty
Package: pdflscape 2022-10-27 v0.13 Display of landscape pages in PDF
(c:/Users/dnaum/AppData/Roaming/TinyTeX/texmf-dist/tex/latex/pdflscape/pdflscape-nometadata.sty
Package: pdflscape-nometadata 2022-10-28 v0.13 Display of landscape pages in PDF (HO)
(c:/Users/dnaum/AppData/Roaming/TinyTeX/texmf-dist/tex/latex/graphics/lscape.sty
Package: lscape 2020/05/28 v3.02 Landscape Pages (DPC)
)
Package pdflscape Info: Auto-detected driver: pdftex on input line 81.
)) (c:/Users/dnaum/AppData/Roaming/TinyTeX/texmf-dist/tex/latex/tabu/tabu.sty
Package: tabu 2019/01/11 v2.9 - flexible LaTeX tabulars (FC+tabu-fixed)
(c:/Users/dnaum/AppData/Roaming/TinyTeX/texmf-dist/tex/latex/varwidth/varwidth.sty
Package: varwidth 2009/03/30 ver 0.92;  Variable-width minipages
\@vwid@box=\box63
\sift@deathcycles=\count298
\@vwid@loff=\dimen183
\@vwid@roff=\dimen184
)
\c@taburow=\count299
\tabu@nbcols=\count300
\tabu@cnt=\count301
\tabu@Xcol=\count302
\tabu@alloc=\count303
\tabu@nested=\count304
\tabu@target=\dimen185
\tabu@spreadtarget=\dimen186
\tabu@naturalX=\dimen187
\tabucolX=\dimen188
\tabu@Xsum=\dimen189
\extrarowdepth=\dimen190
\abovetabulinesep=\dimen191
\belowtabulinesep=\dimen192
\tabustrutrule=\dimen193
\tabu@thebody=\toks31
\tabu@footnotes=\toks32
\tabu@box=\box64
\tabu@arstrutbox=\box65
\tabu@hleads=\box66
\tabu@vleads=\box67
\tabu@cellskip=\skip63
) (c:/Users/dnaum/AppData/Roaming/TinyTeX/texmf-dist/tex/latex/threeparttable/threeparttable.sty
Package: threeparttable 2003/06/13  v 3.0
\@tempboxb=\box68
) (c:/Users/dnaum/AppData/Roaming/TinyTeX/texmf-dist/tex/latex/threeparttablex/threeparttablex.sty
Package: threeparttablex 2013/07/23 v0.3 by daleif
(c:/Users/dnaum/AppData/Roaming/TinyTeX/texmf-dist/tex/latex/environ/environ.sty
Package: environ 2014/05/04 v0.3 A new way to define environments
(c:/Users/dnaum/AppData/Roaming/TinyTeX/texmf-dist/tex/latex/trimspaces/trimspaces.sty
Package: trimspaces 2009/09/17 v1.1 Trim spaces around a token list
))
\TPTL@width=\skip64
) (c:/Users/dnaum/AppData/Roaming/TinyTeX/texmf-dist/tex/generic/ulem/ulem.sty
\UL@box=\box69
\UL@hyphenbox=\box70
\UL@skip=\skip65
\UL@hook=\toks33
\UL@height=\dimen194
\UL@pe=\count305
\UL@pixel=\dimen195
\ULC@box=\box71
Package: ulem 2019/11/18
\ULdepth=\dimen196
) (c:/Users/dnaum/AppData/Roaming/TinyTeX/texmf-dist/tex/latex/makecell/makecell.sty
Package: makecell 2009/08/03 V0.1e Managing of Tab Column Heads and Cells
\rotheadsize=\dimen197
\c@nlinenum=\count306
\TeXr@lab=\toks34
) (c:/Users/dnaum/AppData/Roaming/TinyTeX/texmf-dist/tex/latex/l3backend/l3backend-pdftex.def
File: l3backend-pdftex.def 2023-03-30 L3 backend support: PDF output (pdfTeX)
\l__color_backend_stack_int=\count307
\l__pdf_internal_box=\box72
) (./eda_oxidative_stress_inflammation_stress.aux)
\openout1 = `eda_oxidative_stress_inflammation_stress.aux'.

LaTeX Font Info:    Checking defaults for OML/cmm/m/it on input line 84.
LaTeX Font Info:    ... okay on input line 84.
LaTeX Font Info:    Checking defaults for OMS/cmsy/m/n on input line 84.
LaTeX Font Info:    ... okay on input line 84.
LaTeX Font Info:    Checking defaults for OT1/cmr/m/n on input line 84.
LaTeX Font Info:    ... okay on input line 84.
LaTeX Font Info:    Checking defaults for T1/cmr/m/n on input line 84.
LaTeX Font Info:    ... okay on input line 84.
LaTeX Font Info:    Checking defaults for TS1/cmr/m/n on input line 84.
LaTeX Font Info:    ... okay on input line 84.
LaTeX Font Info:    Checking defaults for OMX/cmex/m/n on input line 84.
LaTeX Font Info:    ... okay on input line 84.
LaTeX Font Info:    Checking defaults for U/cmr/m/n on input line 84.
LaTeX Font Info:    ... okay on input line 84.
LaTeX Font Info:    Checking defaults for PD1/pdf/m/n on input line 84.
LaTeX Font Info:    ... okay on input line 84.
LaTeX Font Info:    Checking defaults for PU/pdf/m/n on input line 84.
LaTeX Font Info:    ... okay on input line 84.
(c:/Users/dnaum/AppData/Roaming/TinyTeX/texmf-dist/tex/latex/epstopdf-pkg/epstopdf-base.sty
Package: epstopdf-base 2020-01-24 v2.11 Base part for package epstopdf
Package epstopdf-base Info: Redefining graphics rule for `.eps' on input line 485.
(c:/Users/dnaum/AppData/Roaming/TinyTeX/texmf-dist/tex/latex/latexconfig/epstopdf-sys.cfg
File: epstopdf-sys.cfg 2010/07/13 v1.3 Configuration of (r)epstopdf for TeX Live
))
Package hyperref Info: Link coloring OFF on input line 84.
(./eda_oxidative_stress_inflammation_stress.out) (./eda_oxidative_stress_inflammation_stress.out)
\@outlinefile=\write3
\openout3 = `eda_oxidative_stress_inflammation_stress.out'.

*geometry* driver: auto-detecting
*geometry* detected driver: pdftex
*geometry* verbose mode - [ preamble ] result:
* driver: pdftex
* paper: <default>
* layout: <same size as paper>
* layoutoffset:(h,v)=(0.0pt,0.0pt)
* modes: 
* h-part:(L,W,R)=(72.26999pt, 469.75502pt, 72.26999pt)
* v-part:(T,H,B)=(72.26999pt, 650.43001pt, 72.26999pt)
* \paperwidth=614.295pt
* \paperheight=794.96999pt
* \textwidth=469.75502pt
* \textheight=650.43001pt
* \oddsidemargin=0.0pt
* \evensidemargin=0.0pt
* \topmargin=-37.0pt
* \headheight=12.0pt
* \headsep=25.0pt
* \topskip=10.0pt
* \footskip=30.0pt
* \marginparwidth=65.0pt
* \marginparsep=11.0pt
* \columnsep=10.0pt
* \skip\footins=9.0pt plus 4.0pt minus 2.0pt
* \hoffset=0.0pt
* \voffset=0.0pt
* \mag=1000
* \@twocolumnfalse
* \@twosidefalse
* \@mparswitchfalse
* \@reversemarginfalse
* (1in=72.27pt=25.4mm, 1cm=28.453pt)

LaTeX Font Info:    Trying to load font information for OT1+lmr on input line 86.
(c:/Users/dnaum/AppData/Roaming/TinyTeX/texmf-dist/tex/latex/lm/ot1lmr.fd
File: ot1lmr.fd 2015/05/01 v1.6.1 Font defs for Latin Modern
)
LaTeX Font Info:    Trying to load font information for OML+lmm on input line 86.
(c:/Users/dnaum/AppData/Roaming/TinyTeX/texmf-dist/tex/latex/lm/omllmm.fd
File: omllmm.fd 2015/05/01 v1.6.1 Font defs for Latin Modern
)
LaTeX Font Info:    Trying to load font information for OMS+lmsy on input line 86.
(c:/Users/dnaum/AppData/Roaming/TinyTeX/texmf-dist/tex/latex/lm/omslmsy.fd
File: omslmsy.fd 2015/05/01 v1.6.1 Font defs for Latin Modern
)
LaTeX Font Info:    Trying to load font information for OMX+lmex on input line 86.
(c:/Users/dnaum/AppData/Roaming/TinyTeX/texmf-dist/tex/latex/lm/omxlmex.fd
File: omxlmex.fd 2015/05/01 v1.6.1 Font defs for Latin Modern
)
LaTeX Font Info:    External font `lmex10' loaded for size
(Font)              <12> on input line 86.
LaTeX Font Info:    External font `lmex10' loaded for size
(Font)              <8> on input line 86.
LaTeX Font Info:    External font `lmex10' loaded for size
(Font)              <6> on input line 86.
LaTeX Font Info:    Trying to load font information for U+msa on input line 86.
(c:/Users/dnaum/AppData/Roaming/TinyTeX/texmf-dist/tex/latex/amsfonts/umsa.fd
File: umsa.fd 2013/01/14 v3.01 AMS symbols A
)
LaTeX Font Info:    Trying to load font information for U+msb on input line 86.
(c:/Users/dnaum/AppData/Roaming/TinyTeX/texmf-dist/tex/latex/amsfonts/umsb.fd
File: umsb.fd 2013/01/14 v3.01 AMS symbols B
)
LaTeX Font Info:    Trying to load font information for TS1+lmr on input line 136.
(c:/Users/dnaum/AppData/Roaming/TinyTeX/texmf-dist/tex/latex/lm/ts1lmr.fd
File: ts1lmr.fd 2015/05/01 v1.6.1 Font defs for Latin Modern
) [1

{c:/Users/dnaum/AppData/Roaming/TinyTeX/texmf-var/fonts/map/pdftex/updmap/pdftex.map}{c:/Users/dnaum/AppData/Roaming/TinyTeX/texmf-dist/fonts/enc/dvips/lm/lm-ec.enc}{c:/Users/dnaum/AppData/Roaming/TinyTeX/texmf-dist/fonts/enc/dvips/lm/lm-ts1.enc}]
LaTeX Font Info:    External font `lmex10' loaded for size
(Font)              <10> on input line 238.
LaTeX Font Info:    External font `lmex10' loaded for size
(Font)              <7> on input line 238.
LaTeX Font Info:    External font `lmex10' loaded for size
(Font)              <5> on input line 238.
[2
pdfTeX warning (ext4): destination with the same identifier (name{table.1}) has been already used, duplicate ignored
<argument> ...shipout:D \box_use:N \l_shipout_box 
                                                  \__shipout_drop_firstpage_...
l.279 
      ]
Overfull \hbox (349.61592pt too wide) in paragraph at lines 290--441
 [][] 
 []


LaTeX Warning: Float too large for page by 296.05829pt on input line 441.


Overfull \hbox (68.53868pt too wide) in paragraph at lines 475--500
 [][] 
 []

[3] [4
pdfTeX warning (ext4): destination with the same identifier (name{table.2}) has been already used, duplicate ignored
<argument> ...shipout:D \box_use:N \l_shipout_box 
                                                  \__shipout_drop_firstpage_...
l.555 \includegraphics
                      {eda_oxidative_stress_inflammation_stress_files/figure...]
<eda_oxidative_stress_inflammation_stress_files/figure-latex/plot distribution of ohdg-1.pdf, id=76, 469.755pt x 325.215pt>
File: eda_oxidative_stress_inflammation_stress_files/figure-latex/plot distribution of ohdg-1.pdf Graphic file (type pdf)
<use eda_oxidative_stress_inflammation_stress_files/figure-latex/plot distribution of ohdg-1.pdf>
Package pdftex.def Info: eda_oxidative_stress_inflammation_stress_files/figure-latex/plot distribution of ohdg-1.pdf  used on input line 555.
(pdftex.def)             Requested size: 469.75386pt x 325.2142pt.
[5
pdfTeX warning (ext4): destination with the same identifier (name{table.3}) has been already used, duplicate ignored
<argument> ...shipout:D \box_use:N \l_shipout_box 
                                                  \__shipout_drop_firstpage_...
l.581 
       <./eda_oxidative_stress_inflammation_stress_files/figure-latex/plot distribution of ohdg-1.pdf>]
<eda_oxidative_stress_inflammation_stress_files/figure-latex/plot distribution of tac-1.pdf, id=89, 469.755pt x 325.215pt>
File: eda_oxidative_stress_inflammation_stress_files/figure-latex/plot distribution of tac-1.pdf Graphic file (type pdf)
<use eda_oxidative_stress_inflammation_stress_files/figure-latex/plot distribution of tac-1.pdf>
Package pdftex.def Info: eda_oxidative_stress_inflammation_stress_files/figure-latex/plot distribution of tac-1.pdf  used on input line 582.
(pdftex.def)             Requested size: 469.75386pt x 325.2142pt.
<eda_oxidative_stress_inflammation_stress_files/figure-latex/plot distribution of neopterin-1.pdf, id=90, 469.755pt x 325.215pt>
File: eda_oxidative_stress_inflammation_stress_files/figure-latex/plot distribution of neopterin-1.pdf Graphic file (type pdf)
<use eda_oxidative_stress_inflammation_stress_files/figure-latex/plot distribution of neopterin-1.pdf>
Package pdftex.def Info: eda_oxidative_stress_inflammation_stress_files/figure-latex/plot distribution of neopterin-1.pdf  used on input line 596.
(pdftex.def)             Requested size: 469.75386pt x 325.2142pt.
[6 <./eda_oxidative_stress_inflammation_stress_files/figure-latex/plot distribution of tac-1.pdf>]
<eda_oxidative_stress_inflammation_stress_files/figure-latex/plot distribution of cortisol-1.pdf, id=102, 469.755pt x 325.215pt>
File: eda_oxidative_stress_inflammation_stress_files/figure-latex/plot distribution of cortisol-1.pdf Graphic file (type pdf)
<use eda_oxidative_stress_inflammation_stress_files/figure-latex/plot distribution of cortisol-1.pdf>
Package pdftex.def Info: eda_oxidative_stress_inflammation_stress_files/figure-latex/plot distribution of cortisol-1.pdf  used on input line 608.
(pdftex.def)             Requested size: 469.75386pt x 325.2142pt.
[7 <./eda_oxidative_stress_inflammation_stress_files/figure-latex/plot distribution of neopterin-1.pdf>]
<eda_oxidative_stress_inflammation_stress_files/figure-latex/distribution of elbm-1.pdf, id=115, 469.755pt x 325.215pt>
File: eda_oxidative_stress_inflammation_stress_files/figure-latex/distribution of elbm-1.pdf Graphic file (type pdf)
<use eda_oxidative_stress_inflammation_stress_files/figure-latex/distribution of elbm-1.pdf>
Package pdftex.def Info: eda_oxidative_stress_inflammation_stress_files/figure-latex/distribution of elbm-1.pdf  used on input line 642.
(pdftex.def)             Requested size: 469.75386pt x 325.2142pt.
[8
pdfTeX warning (ext4): destination with the same identifier (name{table.4}) has been already used, duplicate ignored
<argument> ...shipout:D \box_use:N \l_shipout_box 
                                                  \__shipout_drop_firstpage_...
l.644 ~
        <./eda_oxidative_stress_inflammation_stress_files/figure-latex/plot distribution of cortisol-1.pdf>] [9 <./eda_oxidative_stress_inflammation_stress_files/figure-latex/distribution of elbm-1.pdf>]
<eda_oxidative_stress_inflammation_stress_files/figure-latex/all raw biomarkers against each other inclusion criteria-1.pdf, id=142, 469.755pt x 325.215pt>
File: eda_oxidative_stress_inflammation_stress_files/figure-latex/all raw biomarkers against each other inclusion criteria-1.pdf Graphic file (type pdf)
<use eda_oxidative_stress_inflammation_stress_files/figure-latex/all raw biomarkers against each other inclusion criteria-1.pdf>
Package pdftex.def Info: eda_oxidative_stress_inflammation_stress_files/figure-latex/all raw biomarkers against each other inclusion criteria-1.pdf  used on input line 712.
(pdftex.def)             Requested size: 469.75386pt x 325.2142pt.
<eda_oxidative_stress_inflammation_stress_files/figure-latex/all biomarkers against each other with z outliers removed-1.pdf, id=143, 469.755pt x 325.215pt>
File: eda_oxidative_stress_inflammation_stress_files/figure-latex/all biomarkers against each other with z outliers removed-1.pdf Graphic file (type pdf)
<use eda_oxidative_stress_inflammation_stress_files/figure-latex/all biomarkers against each other with z outliers removed-1.pdf>
Package pdftex.def Info: eda_oxidative_stress_inflammation_stress_files/figure-latex/all biomarkers against each other with z outliers removed-1.pdf  used on input line 718.
(pdftex.def)             Requested size: 469.75386pt x 325.2142pt.
[10 <./eda_oxidative_stress_inflammation_stress_files/figure-latex/all raw biomarkers against each other inclusion criteria-1.pdf>]
<eda_oxidative_stress_inflammation_stress_files/figure-latex/ohdg by truncated age sex class-1.pdf, id=157, 469.755pt x 325.215pt>
File: eda_oxidative_stress_inflammation_stress_files/figure-latex/ohdg by truncated age sex class-1.pdf Graphic file (type pdf)
<use eda_oxidative_stress_inflammation_stress_files/figure-latex/ohdg by truncated age sex class-1.pdf>
Package pdftex.def Info: eda_oxidative_stress_inflammation_stress_files/figure-latex/ohdg by truncated age sex class-1.pdf  used on input line 735.
(pdftex.def)             Requested size: 469.75386pt x 325.2142pt.
<eda_oxidative_stress_inflammation_stress_files/figure-latex/ohdg by truncated age sex class-2.pdf, id=158, 469.755pt x 325.215pt>
File: eda_oxidative_stress_inflammation_stress_files/figure-latex/ohdg by truncated age sex class-2.pdf Graphic file (type pdf)
<use eda_oxidative_stress_inflammation_stress_files/figure-latex/ohdg by truncated age sex class-2.pdf>
Package pdftex.def Info: eda_oxidative_stress_inflammation_stress_files/figure-latex/ohdg by truncated age sex class-2.pdf  used on input line 736.
(pdftex.def)             Requested size: 469.75386pt x 325.2142pt.

Overfull \hbox (52.65215pt too wide) in paragraph at lines 735--737
 []\T1/lmr/bx/n/10 8-OHdG[] []
 []

[11 <./eda_oxidative_stress_inflammation_stress_files/figure-latex/all biomarkers against each other with z outliers removed-1.pdf>] [12]
Overfull \vbox (0.9984pt too high) has occurred while \output is active []

[13 <./eda_oxidative_stress_inflammation_stress_files/figure-latex/ohdg by truncated age sex class-1.pdf> <./eda_oxidative_stress_inflammation_stress_files/figure-latex/ohdg by truncated age sex class-2.pdf>]
<eda_oxidative_stress_inflammation_stress_files/figure-latex/tac by truncated age-sex classes-1.pdf, id=192, 469.755pt x 325.215pt>
File: eda_oxidative_stress_inflammation_stress_files/figure-latex/tac by truncated age-sex classes-1.pdf Graphic file (type pdf)
<use eda_oxidative_stress_inflammation_stress_files/figure-latex/tac by truncated age-sex classes-1.pdf>
Package pdftex.def Info: eda_oxidative_stress_inflammation_stress_files/figure-latex/tac by truncated age-sex classes-1.pdf  used on input line 746.
(pdftex.def)             Requested size: 469.75386pt x 325.2142pt.
<eda_oxidative_stress_inflammation_stress_files/figure-latex/tac by truncated age-sex classes-2.pdf, id=193, 469.755pt x 325.215pt>
File: eda_oxidative_stress_inflammation_stress_files/figure-latex/tac by truncated age-sex classes-2.pdf Graphic file (type pdf)
<use eda_oxidative_stress_inflammation_stress_files/figure-latex/tac by truncated age-sex classes-2.pdf>
Package pdftex.def Info: eda_oxidative_stress_inflammation_stress_files/figure-latex/tac by truncated age-sex classes-2.pdf  used on input line 747.
(pdftex.def)             Requested size: 469.75386pt x 325.2142pt.

Overfull \hbox (33.72105pt too wide) in paragraph at lines 746--748
 []\T1/lmr/bx/n/10 TAC[] []
 []

[14] [15]
Overfull \vbox (0.9984pt too high) has occurred while \output is active []

[16 <./eda_oxidative_stress_inflammation_stress_files/figure-latex/tac by truncated age-sex classes-1.pdf> <./eda_oxidative_stress_inflammation_stress_files/figure-latex/tac by truncated age-sex classes-2.pdf>]
<eda_oxidative_stress_inflammation_stress_files/figure-latex/neopterin by truncated age sex class-1.pdf, id=218, 469.755pt x 325.215pt>
File: eda_oxidative_stress_inflammation_stress_files/figure-latex/neopterin by truncated age sex class-1.pdf Graphic file (type pdf)
<use eda_oxidative_stress_inflammation_stress_files/figure-latex/neopterin by truncated age sex class-1.pdf>
Package pdftex.def Info: eda_oxidative_stress_inflammation_stress_files/figure-latex/neopterin by truncated age sex class-1.pdf  used on input line 762.
(pdftex.def)             Requested size: 469.75386pt x 325.2142pt.
<eda_oxidative_stress_inflammation_stress_files/figure-latex/neopterin by truncated age sex class-2.pdf, id=219, 469.755pt x 325.215pt>
File: eda_oxidative_stress_inflammation_stress_files/figure-latex/neopterin by truncated age sex class-2.pdf Graphic file (type pdf)
<use eda_oxidative_stress_inflammation_stress_files/figure-latex/neopterin by truncated age sex class-2.pdf>
Package pdftex.def Info: eda_oxidative_stress_inflammation_stress_files/figure-latex/neopterin by truncated age sex class-2.pdf  used on input line 763.
(pdftex.def)             Requested size: 469.75386pt x 325.2142pt.
<eda_oxidative_stress_inflammation_stress_files/figure-latex/neopterin by truncated age sex class-3.pdf, id=220, 469.755pt x 325.215pt>
File: eda_oxidative_stress_inflammation_stress_files/figure-latex/neopterin by truncated age sex class-3.pdf Graphic file (type pdf)
<use eda_oxidative_stress_inflammation_stress_files/figure-latex/neopterin by truncated age sex class-3.pdf>
Package pdftex.def Info: eda_oxidative_stress_inflammation_stress_files/figure-latex/neopterin by truncated age sex class-3.pdf  used on input line 764.
(pdftex.def)             Requested size: 469.75386pt x 325.2142pt.

Overfull \hbox (60.51018pt too wide) in paragraph at lines 762--765
 []\T1/lmr/bx/n/10 Neopterin[] []
 []


Underfull \hbox (badness 10000) in paragraph at lines 762--765
[]
 []

[17] [18]
Overfull \vbox (2.94283pt too high) has occurred while \output is active []

[19 <./eda_oxidative_stress_inflammation_stress_files/figure-latex/neopterin by truncated age sex class-1.pdf> <./eda_oxidative_stress_inflammation_stress_files/figure-latex/neopterin by truncated age sex class-2.pdf>]
<eda_oxidative_stress_inflammation_stress_files/figure-latex/cortisol by truncated age-sex classes-1.pdf, id=246, 469.755pt x 325.215pt>
File: eda_oxidative_stress_inflammation_stress_files/figure-latex/cortisol by truncated age-sex classes-1.pdf Graphic file (type pdf)
<use eda_oxidative_stress_inflammation_stress_files/figure-latex/cortisol by truncated age-sex classes-1.pdf>
Package pdftex.def Info: eda_oxidative_stress_inflammation_stress_files/figure-latex/cortisol by truncated age-sex classes-1.pdf  used on input line 785.
(pdftex.def)             Requested size: 469.75386pt x 325.2142pt.
<eda_oxidative_stress_inflammation_stress_files/figure-latex/cortisol by truncated age-sex classes-2.pdf, id=247, 469.755pt x 325.215pt>
File: eda_oxidative_stress_inflammation_stress_files/figure-latex/cortisol by truncated age-sex classes-2.pdf Graphic file (type pdf)
<use eda_oxidative_stress_inflammation_stress_files/figure-latex/cortisol by truncated age-sex classes-2.pdf>
Package pdftex.def Info: eda_oxidative_stress_inflammation_stress_files/figure-latex/cortisol by truncated age-sex classes-2.pdf  used on input line 786.
(pdftex.def)             Requested size: 469.75386pt x 325.2142pt.
<eda_oxidative_stress_inflammation_stress_files/figure-latex/cortisol by truncated age-sex classes-3.pdf, id=248, 469.755pt x 325.215pt>
File: eda_oxidative_stress_inflammation_stress_files/figure-latex/cortisol by truncated age-sex classes-3.pdf Graphic file (type pdf)
<use eda_oxidative_stress_inflammation_stress_files/figure-latex/cortisol by truncated age-sex classes-3.pdf>
Package pdftex.def Info: eda_oxidative_stress_inflammation_stress_files/figure-latex/cortisol by truncated age-sex classes-3.pdf  used on input line 787.
(pdftex.def)             Requested size: 469.75386pt x 325.2142pt.

Overfull \hbox (49.9511pt too wide) in paragraph at lines 785--788
 []\T1/lmr/bx/n/10 Cortisol[] []
 []


Underfull \hbox (badness 10000) in paragraph at lines 785--788
[]
 []

[20 <./eda_oxidative_stress_inflammation_stress_files/figure-latex/neopterin by truncated age sex class-3.pdf>] [21]
Overfull \vbox (0.9984pt too high) has occurred while \output is active []

[22 <./eda_oxidative_stress_inflammation_stress_files/figure-latex/cortisol by truncated age-sex classes-1.pdf> <./eda_oxidative_stress_inflammation_stress_files/figure-latex/cortisol by truncated age-sex classes-2.pdf>]
<eda_oxidative_stress_inflammation_stress_files/figure-latex/elbm by truncated age sex classes-1.pdf, id=279, 469.755pt x 325.215pt>
File: eda_oxidative_stress_inflammation_stress_files/figure-latex/elbm by truncated age sex classes-1.pdf Graphic file (type pdf)
<use eda_oxidative_stress_inflammation_stress_files/figure-latex/elbm by truncated age sex classes-1.pdf>
Package pdftex.def Info: eda_oxidative_stress_inflammation_stress_files/figure-latex/elbm by truncated age sex classes-1.pdf  used on input line 798.
(pdftex.def)             Requested size: 469.75386pt x 325.2142pt.
<eda_oxidative_stress_inflammation_stress_files/figure-latex/elbm by truncated age sex classes-2.pdf, id=280, 469.755pt x 325.215pt>
File: eda_oxidative_stress_inflammation_stress_files/figure-latex/elbm by truncated age sex classes-2.pdf Graphic file (type pdf)
<use eda_oxidative_stress_inflammation_stress_files/figure-latex/elbm by truncated age sex classes-2.pdf>
Package pdftex.def Info: eda_oxidative_stress_inflammation_stress_files/figure-latex/elbm by truncated age sex classes-2.pdf  used on input line 799.
(pdftex.def)             Requested size: 469.75386pt x 325.2142pt.

Overfull \hbox (43.5688pt too wide) in paragraph at lines 798--800
 []\T1/lmr/bx/n/10 ELBM[] []
 []

[23 <./eda_oxidative_stress_inflammation_stress_files/figure-latex/cortisol by truncated age-sex classes-3.pdf>] [24]
Overfull \vbox (0.9984pt too high) has occurred while \output is active []

[25 <./eda_oxidative_stress_inflammation_stress_files/figure-latex/elbm by truncated age sex classes-1.pdf> <./eda_oxidative_stress_inflammation_stress_files/figure-latex/elbm by truncated age sex classes-2.pdf>]
LaTeX Font Info:    Trying to load font information for T1+lmtt on input line 833.
(c:/Users/dnaum/AppData/Roaming/TinyTeX/texmf-dist/tex/latex/lm/t1lmtt.fd
File: t1lmtt.fd 2015/05/01 v1.6.1 Font defs for Latin Modern
) [26]
<eda_oxidative_stress_inflammation_stress_files/figure-latex/test tac by age class using gamm-1.pdf, id=320, 469.755pt x 325.215pt>
File: eda_oxidative_stress_inflammation_stress_files/figure-latex/test tac by age class using gamm-1.pdf Graphic file (type pdf)
<use eda_oxidative_stress_inflammation_stress_files/figure-latex/test tac by age class using gamm-1.pdf>
Package pdftex.def Info: eda_oxidative_stress_inflammation_stress_files/figure-latex/test tac by age class using gamm-1.pdf  used on input line 920.
(pdftex.def)             Requested size: 469.75386pt x 325.2142pt.
[27] [28 <./eda_oxidative_stress_inflammation_stress_files/figure-latex/test tac by age class using gamm-1.pdf>] [29] [30]
<eda_oxidative_stress_inflammation_stress_files/figure-latex/check ohdg with z outliers removed for gamm link function-1.pdf, id=359, 469.755pt x 325.215pt>
File: eda_oxidative_stress_inflammation_stress_files/figure-latex/check ohdg with z outliers removed for gamm link function-1.pdf Graphic file (type pdf)
<use eda_oxidative_stress_inflammation_stress_files/figure-latex/check ohdg with z outliers removed for gamm link function-1.pdf>
Package pdftex.def Info: eda_oxidative_stress_inflammation_stress_files/figure-latex/check ohdg with z outliers removed for gamm link function-1.pdf  used on input line 1132.
(pdftex.def)             Requested size: 469.75386pt x 325.2142pt.
<eda_oxidative_stress_inflammation_stress_files/figure-latex/check ohdg with z outliers removed for gamm link function-2.pdf, id=360, 469.755pt x 325.215pt>
File: eda_oxidative_stress_inflammation_stress_files/figure-latex/check ohdg with z outliers removed for gamm link function-2.pdf Graphic file (type pdf)
<use eda_oxidative_stress_inflammation_stress_files/figure-latex/check ohdg with z outliers removed for gamm link function-2.pdf>
Package pdftex.def Info: eda_oxidative_stress_inflammation_stress_files/figure-latex/check ohdg with z outliers removed for gamm link function-2.pdf  used on input line 1143.
(pdftex.def)             Requested size: 469.75386pt x 325.2142pt.
[31 <./eda_oxidative_stress_inflammation_stress_files/figure-latex/check ohdg with z outliers removed for gamm link function-1.pdf>]
<eda_oxidative_stress_inflammation_stress_files/figure-latex/check tac with z outliers removed for gamm link function-1.pdf, id=373, 469.755pt x 325.215pt>
File: eda_oxidative_stress_inflammation_stress_files/figure-latex/check tac with z outliers removed for gamm link function-1.pdf Graphic file (type pdf)
<use eda_oxidative_stress_inflammation_stress_files/figure-latex/check tac with z outliers removed for gamm link function-1.pdf>
Package pdftex.def Info: eda_oxidative_stress_inflammation_stress_files/figure-latex/check tac with z outliers removed for gamm link function-1.pdf  used on input line 1178.
(pdftex.def)             Requested size: 469.75386pt x 325.2142pt.
[32 <./eda_oxidative_stress_inflammation_stress_files/figure-latex/check ohdg with z outliers removed for gamm link function-2.pdf>]
<eda_oxidative_stress_inflammation_stress_files/figure-latex/check tac with z outliers removed for gamm link function-2.pdf, id=390, 469.755pt x 325.215pt>
File: eda_oxidative_stress_inflammation_stress_files/figure-latex/check tac with z outliers removed for gamm link function-2.pdf Graphic file (type pdf)
<use eda_oxidative_stress_inflammation_stress_files/figure-latex/check tac with z outliers removed for gamm link function-2.pdf>
Package pdftex.def Info: eda_oxidative_stress_inflammation_stress_files/figure-latex/check tac with z outliers removed for gamm link function-2.pdf  used on input line 1189.
(pdftex.def)             Requested size: 469.75386pt x 325.2142pt.
[33 <./eda_oxidative_stress_inflammation_stress_files/figure-latex/check tac with z outliers removed for gamm link function-1.pdf>]
<eda_oxidative_stress_inflammation_stress_files/figure-latex/check neopterin with z outliers removed for gamm link function-1.pdf, id=401, 469.755pt x 325.215pt>
File: eda_oxidative_stress_inflammation_stress_files/figure-latex/check neopterin with z outliers removed for gamm link function-1.pdf Graphic file (type pdf)
<use eda_oxidative_stress_inflammation_stress_files/figure-latex/check neopterin with z outliers removed for gamm link function-1.pdf>
Package pdftex.def Info: eda_oxidative_stress_inflammation_stress_files/figure-latex/check neopterin with z outliers removed for gamm link function-1.pdf  used on input line 1225.
(pdftex.def)             Requested size: 469.75386pt x 325.2142pt.
[34 <./eda_oxidative_stress_inflammation_stress_files/figure-latex/check tac with z outliers removed for gamm link function-2.pdf>]
<eda_oxidative_stress_inflammation_stress_files/figure-latex/check neopterin with z outliers removed for gamm link function-2.pdf, id=419, 469.755pt x 325.215pt>
File: eda_oxidative_stress_inflammation_stress_files/figure-latex/check neopterin with z outliers removed for gamm link function-2.pdf Graphic file (type pdf)
<use eda_oxidative_stress_inflammation_stress_files/figure-latex/check neopterin with z outliers removed for gamm link function-2.pdf>
Package pdftex.def Info: eda_oxidative_stress_inflammation_stress_files/figure-latex/check neopterin with z outliers removed for gamm link function-2.pdf  used on input line 1236.
(pdftex.def)             Requested size: 469.75386pt x 325.2142pt.
[35 <./eda_oxidative_stress_inflammation_stress_files/figure-latex/check neopterin with z outliers removed for gamm link function-1.pdf>]
<eda_oxidative_stress_inflammation_stress_files/figure-latex/check cortisol with z outliers removed for gamm link function-1.pdf, id=430, 469.755pt x 325.215pt>
File: eda_oxidative_stress_inflammation_stress_files/figure-latex/check cortisol with z outliers removed for gamm link function-1.pdf Graphic file (type pdf)
<use eda_oxidative_stress_inflammation_stress_files/figure-latex/check cortisol with z outliers removed for gamm link function-1.pdf>
Package pdftex.def Info: eda_oxidative_stress_inflammation_stress_files/figure-latex/check cortisol with z outliers removed for gamm link function-1.pdf  used on input line 1272.
(pdftex.def)             Requested size: 469.75386pt x 325.2142pt.
[36 <./eda_oxidative_stress_inflammation_stress_files/figure-latex/check neopterin with z outliers removed for gamm link function-2.pdf>]
<eda_oxidative_stress_inflammation_stress_files/figure-latex/check cortisol with z outliers removed for gamm link function-2.pdf, id=447, 469.755pt x 325.215pt>
File: eda_oxidative_stress_inflammation_stress_files/figure-latex/check cortisol with z outliers removed for gamm link function-2.pdf Graphic file (type pdf)
<use eda_oxidative_stress_inflammation_stress_files/figure-latex/check cortisol with z outliers removed for gamm link function-2.pdf>
Package pdftex.def Info: eda_oxidative_stress_inflammation_stress_files/figure-latex/check cortisol with z outliers removed for gamm link function-2.pdf  used on input line 1283.
(pdftex.def)             Requested size: 469.75386pt x 325.2142pt.
[37 <./eda_oxidative_stress_inflammation_stress_files/figure-latex/check cortisol with z outliers removed for gamm link function-1.pdf>]
<eda_oxidative_stress_inflammation_stress_files/figure-latex/check cortisol with z outliers and one additional point removed for gamm link function-1.pdf, id=459, 469.755pt x 325.215pt>
File: eda_oxidative_stress_inflammation_stress_files/figure-latex/check cortisol with z outliers and one additional point removed for gamm link function-1.pdf Graphic file (type pdf)
<use eda_oxidative_stress_inflammation_stress_files/figure-latex/check cortisol with z outliers and one additional point removed for gamm link function-1.pdf>
Package pdftex.def Info: eda_oxidative_stress_inflammation_stress_files/figure-latex/check cortisol with z outliers and one additional point removed for gamm link function-1.pdf  used on input line 1307.
(pdftex.def)             Requested size: 469.75386pt x 325.2142pt.
[38 <./eda_oxidative_stress_inflammation_stress_files/figure-latex/check cortisol with z outliers removed for gamm link function-2.pdf>]
<eda_oxidative_stress_inflammation_stress_files/figure-latex/check cortisol with z outliers and one additional point removed for gamm link function-2.pdf, id=472, 469.755pt x 325.215pt>
File: eda_oxidative_stress_inflammation_stress_files/figure-latex/check cortisol with z outliers and one additional point removed for gamm link function-2.pdf Graphic file (type pdf)
<use eda_oxidative_stress_inflammation_stress_files/figure-latex/check cortisol with z outliers and one additional point removed for gamm link function-2.pdf>
Package pdftex.def Info: eda_oxidative_stress_inflammation_stress_files/figure-latex/check cortisol with z outliers and one additional point removed for gamm link function-2.pdf  used on input line 1318.
(pdftex.def)             Requested size: 469.75386pt x 325.2142pt.
[39 <./eda_oxidative_stress_inflammation_stress_files/figure-latex/check cortisol with z outliers and one additional point removed for gamm link function-1.pdf>]
<eda_oxidative_stress_inflammation_stress_files/figure-latex/check elbm wtih standard inclusion criteria for gamm link function-1.pdf, id=483, 469.755pt x 325.215pt>
File: eda_oxidative_stress_inflammation_stress_files/figure-latex/check elbm wtih standard inclusion criteria for gamm link function-1.pdf Graphic file (type pdf)
<use eda_oxidative_stress_inflammation_stress_files/figure-latex/check elbm wtih standard inclusion criteria for gamm link function-1.pdf>
Package pdftex.def Info: eda_oxidative_stress_inflammation_stress_files/figure-latex/check elbm wtih standard inclusion criteria for gamm link function-1.pdf  used on input line 1343.
(pdftex.def)             Requested size: 469.75386pt x 325.2142pt.
[40 <./eda_oxidative_stress_inflammation_stress_files/figure-latex/check cortisol with z outliers and one additional point removed for gamm link function-2.pdf>]
<eda_oxidative_stress_inflammation_stress_files/figure-latex/check elbm with z outliers removed for gamm link function-1.pdf, id=498, 469.755pt x 325.215pt>
File: eda_oxidative_stress_inflammation_stress_files/figure-latex/check elbm with z outliers removed for gamm link function-1.pdf Graphic file (type pdf)
<use eda_oxidative_stress_inflammation_stress_files/figure-latex/check elbm with z outliers removed for gamm link function-1.pdf>
Package pdftex.def Info: eda_oxidative_stress_inflammation_stress_files/figure-latex/check elbm with z outliers removed for gamm link function-1.pdf  used on input line 1369.
(pdftex.def)             Requested size: 469.75386pt x 325.2142pt.
[41 <./eda_oxidative_stress_inflammation_stress_files/figure-latex/check elbm wtih standard inclusion criteria for gamm link function-1.pdf>]
<eda_oxidative_stress_inflammation_stress_files/figure-latex/supplement ohdg by age sex class-1.pdf, id=511, 469.755pt x 325.215pt>
File: eda_oxidative_stress_inflammation_stress_files/figure-latex/supplement ohdg by age sex class-1.pdf Graphic file (type pdf)
<use eda_oxidative_stress_inflammation_stress_files/figure-latex/supplement ohdg by age sex class-1.pdf>
Package pdftex.def Info: eda_oxidative_stress_inflammation_stress_files/figure-latex/supplement ohdg by age sex class-1.pdf  used on input line 1379.
(pdftex.def)             Requested size: 469.75386pt x 325.2142pt.
<eda_oxidative_stress_inflammation_stress_files/figure-latex/supplement ohdg by age sex class-2.pdf, id=512, 469.755pt x 325.215pt>
File: eda_oxidative_stress_inflammation_stress_files/figure-latex/supplement ohdg by age sex class-2.pdf Graphic file (type pdf)
<use eda_oxidative_stress_inflammation_stress_files/figure-latex/supplement ohdg by age sex class-2.pdf>
Package pdftex.def Info: eda_oxidative_stress_inflammation_stress_files/figure-latex/supplement ohdg by age sex class-2.pdf  used on input line 1380.
(pdftex.def)             Requested size: 469.75386pt x 325.2142pt.
<eda_oxidative_stress_inflammation_stress_files/figure-latex/supplement ohdg by age sex class-3.pdf, id=513, 469.755pt x 325.215pt>
File: eda_oxidative_stress_inflammation_stress_files/figure-latex/supplement ohdg by age sex class-3.pdf Graphic file (type pdf)
<use eda_oxidative_stress_inflammation_stress_files/figure-latex/supplement ohdg by age sex class-3.pdf>
Package pdftex.def Info: eda_oxidative_stress_inflammation_stress_files/figure-latex/supplement ohdg by age sex class-3.pdf  used on input line 1381.
(pdftex.def)             Requested size: 469.75386pt x 325.2142pt.

Underfull \hbox (badness 10000) in paragraph at lines 1379--1382
[][]
 []


Underfull \hbox (badness 10000) in paragraph at lines 1379--1382
[]
 []

[42 <./eda_oxidative_stress_inflammation_stress_files/figure-latex/check elbm with z outliers removed for gamm link function-1.pdf>] [43 <./eda_oxidative_stress_inflammation_stress_files/figure-latex/supplement ohdg by age sex class-1.pdf>] [44 <./eda_oxidative_stress_inflammation_stress_files/figure-latex/supplement ohdg by age sex class-2.pdf>]
<eda_oxidative_stress_inflammation_stress_files/figure-latex/supplement tac by age sex class-1.pdf, id=546, 469.755pt x 325.215pt>
File: eda_oxidative_stress_inflammation_stress_files/figure-latex/supplement tac by age sex class-1.pdf Graphic file (type pdf)
<use eda_oxidative_stress_inflammation_stress_files/figure-latex/supplement tac by age sex class-1.pdf>
Package pdftex.def Info: eda_oxidative_stress_inflammation_stress_files/figure-latex/supplement tac by age sex class-1.pdf  used on input line 1385.
(pdftex.def)             Requested size: 469.75386pt x 325.2142pt.
<eda_oxidative_stress_inflammation_stress_files/figure-latex/supplement tac by age sex class-2.pdf, id=547, 469.755pt x 325.215pt>
File: eda_oxidative_stress_inflammation_stress_files/figure-latex/supplement tac by age sex class-2.pdf Graphic file (type pdf)
<use eda_oxidative_stress_inflammation_stress_files/figure-latex/supplement tac by age sex class-2.pdf>
Package pdftex.def Info: eda_oxidative_stress_inflammation_stress_files/figure-latex/supplement tac by age sex class-2.pdf  used on input line 1386.
(pdftex.def)             Requested size: 469.75386pt x 325.2142pt.
<eda_oxidative_stress_inflammation_stress_files/figure-latex/supplement tac by age sex class-3.pdf, id=548, 469.755pt x 325.215pt>
File: eda_oxidative_stress_inflammation_stress_files/figure-latex/supplement tac by age sex class-3.pdf Graphic file (type pdf)
<use eda_oxidative_stress_inflammation_stress_files/figure-latex/supplement tac by age sex class-3.pdf>
Package pdftex.def Info: eda_oxidative_stress_inflammation_stress_files/figure-latex/supplement tac by age sex class-3.pdf  used on input line 1387.
(pdftex.def)             Requested size: 469.75386pt x 325.2142pt.

Underfull \hbox (badness 10000) in paragraph at lines 1385--1388
[][]
 []


Underfull \hbox (badness 10000) in paragraph at lines 1385--1388
[]
 []

[45 <./eda_oxidative_stress_inflammation_stress_files/figure-latex/supplement ohdg by age sex class-3.pdf>] [46 <./eda_oxidative_stress_inflammation_stress_files/figure-latex/supplement tac by age sex class-1.pdf>] [47 <./eda_oxidative_stress_inflammation_stress_files/figure-latex/supplement tac by age sex class-2.pdf>]
<eda_oxidative_stress_inflammation_stress_files/figure-latex/supplement neopterin by age sex class-1.pdf, id=576, 469.755pt x 325.215pt>
File: eda_oxidative_stress_inflammation_stress_files/figure-latex/supplement neopterin by age sex class-1.pdf Graphic file (type pdf)
<use eda_oxidative_stress_inflammation_stress_files/figure-latex/supplement neopterin by age sex class-1.pdf>
Package pdftex.def Info: eda_oxidative_stress_inflammation_stress_files/figure-latex/supplement neopterin by age sex class-1.pdf  used on input line 1391.
(pdftex.def)             Requested size: 469.75386pt x 325.2142pt.
<eda_oxidative_stress_inflammation_stress_files/figure-latex/supplement neopterin by age sex class-2.pdf, id=577, 469.755pt x 325.215pt>
File: eda_oxidative_stress_inflammation_stress_files/figure-latex/supplement neopterin by age sex class-2.pdf Graphic file (type pdf)
<use eda_oxidative_stress_inflammation_stress_files/figure-latex/supplement neopterin by age sex class-2.pdf>
Package pdftex.def Info: eda_oxidative_stress_inflammation_stress_files/figure-latex/supplement neopterin by age sex class-2.pdf  used on input line 1392.
(pdftex.def)             Requested size: 469.75386pt x 325.2142pt.
<eda_oxidative_stress_inflammation_stress_files/figure-latex/supplement neopterin by age sex class-3.pdf, id=578, 469.755pt x 325.215pt>
File: eda_oxidative_stress_inflammation_stress_files/figure-latex/supplement neopterin by age sex class-3.pdf Graphic file (type pdf)
<use eda_oxidative_stress_inflammation_stress_files/figure-latex/supplement neopterin by age sex class-3.pdf>
Package pdftex.def Info: eda_oxidative_stress_inflammation_stress_files/figure-latex/supplement neopterin by age sex class-3.pdf  used on input line 1393.
(pdftex.def)             Requested size: 469.75386pt x 325.2142pt.
<eda_oxidative_stress_inflammation_stress_files/figure-latex/supplement neopterin by age sex class-4.pdf, id=579, 469.755pt x 325.215pt>
File: eda_oxidative_stress_inflammation_stress_files/figure-latex/supplement neopterin by age sex class-4.pdf Graphic file (type pdf)
<use eda_oxidative_stress_inflammation_stress_files/figure-latex/supplement neopterin by age sex class-4.pdf>
Package pdftex.def Info: eda_oxidative_stress_inflammation_stress_files/figure-latex/supplement neopterin by age sex class-4.pdf  used on input line 1394.
(pdftex.def)             Requested size: 469.75386pt x 325.2142pt.

Underfull \hbox (badness 10000) in paragraph at lines 1391--1395
[][]
 []


Underfull \hbox (badness 10000) in paragraph at lines 1391--1395
[]
 []


Underfull \hbox (badness 10000) in paragraph at lines 1391--1395
[]
 []

[48 <./eda_oxidative_stress_inflammation_stress_files/figure-latex/supplement tac by age sex class-3.pdf>] [49 <./eda_oxidative_stress_inflammation_stress_files/figure-latex/supplement neopterin by age sex class-1.pdf>] [50 <./eda_oxidative_stress_inflammation_stress_files/figure-latex/supplement neopterin by age sex class-2.pdf>] [51 <./eda_oxidative_stress_inflammation_stress_files/figure-latex/supplement neopterin by age sex class-3.pdf>]
<eda_oxidative_stress_inflammation_stress_files/figure-latex/supplement cortisol by age sex class-1.pdf, id=617, 469.755pt x 325.215pt>
File: eda_oxidative_stress_inflammation_stress_files/figure-latex/supplement cortisol by age sex class-1.pdf Graphic file (type pdf)
<use eda_oxidative_stress_inflammation_stress_files/figure-latex/supplement cortisol by age sex class-1.pdf>
Package pdftex.def Info: eda_oxidative_stress_inflammation_stress_files/figure-latex/supplement cortisol by age sex class-1.pdf  used on input line 1398.
(pdftex.def)             Requested size: 469.75386pt x 325.2142pt.
<eda_oxidative_stress_inflammation_stress_files/figure-latex/supplement cortisol by age sex class-2.pdf, id=618, 469.755pt x 325.215pt>
File: eda_oxidative_stress_inflammation_stress_files/figure-latex/supplement cortisol by age sex class-2.pdf Graphic file (type pdf)
<use eda_oxidative_stress_inflammation_stress_files/figure-latex/supplement cortisol by age sex class-2.pdf>
Package pdftex.def Info: eda_oxidative_stress_inflammation_stress_files/figure-latex/supplement cortisol by age sex class-2.pdf  used on input line 1399.
(pdftex.def)             Requested size: 469.75386pt x 325.2142pt.
<eda_oxidative_stress_inflammation_stress_files/figure-latex/supplement cortisol by age sex class-3.pdf, id=619, 469.755pt x 325.215pt>
File: eda_oxidative_stress_inflammation_stress_files/figure-latex/supplement cortisol by age sex class-3.pdf Graphic file (type pdf)
<use eda_oxidative_stress_inflammation_stress_files/figure-latex/supplement cortisol by age sex class-3.pdf>
Package pdftex.def Info: eda_oxidative_stress_inflammation_stress_files/figure-latex/supplement cortisol by age sex class-3.pdf  used on input line 1400.
(pdftex.def)             Requested size: 469.75386pt x 325.2142pt.
<eda_oxidative_stress_inflammation_stress_files/figure-latex/supplement cortisol by age sex class-4.pdf, id=620, 469.755pt x 325.215pt>
File: eda_oxidative_stress_inflammation_stress_files/figure-latex/supplement cortisol by age sex class-4.pdf Graphic file (type pdf)
<use eda_oxidative_stress_inflammation_stress_files/figure-latex/supplement cortisol by age sex class-4.pdf>
Package pdftex.def Info: eda_oxidative_stress_inflammation_stress_files/figure-latex/supplement cortisol by age sex class-4.pdf  used on input line 1401.
(pdftex.def)             Requested size: 469.75386pt x 325.2142pt.

Underfull \hbox (badness 10000) in paragraph at lines 1398--1402
[][]
 []


Underfull \hbox (badness 10000) in paragraph at lines 1398--1402
[]
 []


Underfull \hbox (badness 10000) in paragraph at lines 1398--1402
[]
 []

[52 <./eda_oxidative_stress_inflammation_stress_files/figure-latex/supplement neopterin by age sex class-4.pdf>] [53 <./eda_oxidative_stress_inflammation_stress_files/figure-latex/supplement cortisol by age sex class-1.pdf>] [54 <./eda_oxidative_stress_inflammation_stress_files/figure-latex/supplement cortisol by age sex class-2.pdf>] [55 <./eda_oxidative_stress_inflammation_stress_files/figure-latex/supplement cortisol by age sex class-3.pdf>]
<eda_oxidative_stress_inflammation_stress_files/figure-latex/supplement elbm by age sex class-1.pdf, id=658, 469.755pt x 325.215pt>
File: eda_oxidative_stress_inflammation_stress_files/figure-latex/supplement elbm by age sex class-1.pdf Graphic file (type pdf)
<use eda_oxidative_stress_inflammation_stress_files/figure-latex/supplement elbm by age sex class-1.pdf>
Package pdftex.def Info: eda_oxidative_stress_inflammation_stress_files/figure-latex/supplement elbm by age sex class-1.pdf  used on input line 1405.
(pdftex.def)             Requested size: 469.75386pt x 325.2142pt.
<eda_oxidative_stress_inflammation_stress_files/figure-latex/supplement elbm by age sex class-2.pdf, id=659, 469.755pt x 325.215pt>
File: eda_oxidative_stress_inflammation_stress_files/figure-latex/supplement elbm by age sex class-2.pdf Graphic file (type pdf)
<use eda_oxidative_stress_inflammation_stress_files/figure-latex/supplement elbm by age sex class-2.pdf>
Package pdftex.def Info: eda_oxidative_stress_inflammation_stress_files/figure-latex/supplement elbm by age sex class-2.pdf  used on input line 1406.
(pdftex.def)             Requested size: 469.75386pt x 325.2142pt.

Underfull \hbox (badness 10000) in paragraph at lines 1405--1407
[][]
 []

[56 <./eda_oxidative_stress_inflammation_stress_files/figure-latex/supplement cortisol by age sex class-4.pdf>] [57 <./eda_oxidative_stress_inflammation_stress_files/figure-latex/supplement elbm by age sex class-1.pdf>]
<eda_oxidative_stress_inflammation_stress_files/figure-latex/plot distribution of distances for each biomarker-1.pdf, id=678, 469.755pt x 325.215pt>
File: eda_oxidative_stress_inflammation_stress_files/figure-latex/plot distribution of distances for each biomarker-1.pdf Graphic file (type pdf)
<use eda_oxidative_stress_inflammation_stress_files/figure-latex/plot distribution of distances for each biomarker-1.pdf>
Package pdftex.def Info: eda_oxidative_stress_inflammation_stress_files/figure-latex/plot distribution of distances for each biomarker-1.pdf  used on input line 1416.
(pdftex.def)             Requested size: 469.75386pt x 325.2142pt.
[58 <./eda_oxidative_stress_inflammation_stress_files/figure-latex/supplement elbm by age sex class-2.pdf>]
<eda_oxidative_stress_inflammation_stress_files/figure-latex/biomarkers by truncated age class with distance outliers removed-1.pdf, id=691, 469.755pt x 325.215pt>
File: eda_oxidative_stress_inflammation_stress_files/figure-latex/biomarkers by truncated age class with distance outliers removed-1.pdf Graphic file (type pdf)
<use eda_oxidative_stress_inflammation_stress_files/figure-latex/biomarkers by truncated age class with distance outliers removed-1.pdf>
Package pdftex.def Info: eda_oxidative_stress_inflammation_stress_files/figure-latex/biomarkers by truncated age class with distance outliers removed-1.pdf  used on input line 1429.
(pdftex.def)             Requested size: 469.75386pt x 325.2142pt.
<eda_oxidative_stress_inflammation_stress_files/figure-latex/biomarkers by truncated age class with distance outliers removed-2.pdf, id=692, 469.755pt x 325.215pt>
File: eda_oxidative_stress_inflammation_stress_files/figure-latex/biomarkers by truncated age class with distance outliers removed-2.pdf Graphic file (type pdf)
<use eda_oxidative_stress_inflammation_stress_files/figure-latex/biomarkers by truncated age class with distance outliers removed-2.pdf>
Package pdftex.def Info: eda_oxidative_stress_inflammation_stress_files/figure-latex/biomarkers by truncated age class with distance outliers removed-2.pdf  used on input line 1430.
(pdftex.def)             Requested size: 469.75386pt x 325.2142pt.
<eda_oxidative_stress_inflammation_stress_files/figure-latex/biomarkers by truncated age class with distance outliers removed-3.pdf, id=693, 469.755pt x 325.215pt>
File: eda_oxidative_stress_inflammation_stress_files/figure-latex/biomarkers by truncated age class with distance outliers removed-3.pdf Graphic file (type pdf)
<use eda_oxidative_stress_inflammation_stress_files/figure-latex/biomarkers by truncated age class with distance outliers removed-3.pdf>
Package pdftex.def Info: eda_oxidative_stress_inflammation_stress_files/figure-latex/biomarkers by truncated age class with distance outliers removed-3.pdf  used on input line 1431.
(pdftex.def)             Requested size: 469.75386pt x 325.2142pt.
<eda_oxidative_stress_inflammation_stress_files/figure-latex/biomarkers by truncated age class with distance outliers removed-4.pdf, id=694, 469.755pt x 325.215pt>
File: eda_oxidative_stress_inflammation_stress_files/figure-latex/biomarkers by truncated age class with distance outliers removed-4.pdf Graphic file (type pdf)
<use eda_oxidative_stress_inflammation_stress_files/figure-latex/biomarkers by truncated age class with distance outliers removed-4.pdf>
Package pdftex.def Info: eda_oxidative_stress_inflammation_stress_files/figure-latex/biomarkers by truncated age class with distance outliers removed-4.pdf  used on input line 1432.
(pdftex.def)             Requested size: 469.75386pt x 325.2142pt.

Underfull \hbox (badness 10000) in paragraph at lines 1429--1433
[][]
 []


Underfull \hbox (badness 10000) in paragraph at lines 1429--1433
[]
 []


Underfull \hbox (badness 10000) in paragraph at lines 1429--1433
[]
 []

[59 <./eda_oxidative_stress_inflammation_stress_files/figure-latex/plot distribution of distances for each biomarker-1.pdf>] [60 <./eda_oxidative_stress_inflammation_stress_files/figure-latex/biomarkers by truncated age class with distance outliers removed-1.pdf>] [61 <./eda_oxidative_stress_inflammation_stress_files/figure-latex/biomarkers by truncated age class with distance outliers removed-2.pdf>] [62 <./eda_oxidative_stress_inflammation_stress_files/figure-latex/biomarkers by truncated age class with distance outliers removed-3.pdf>]
<eda_oxidative_stress_inflammation_stress_files/figure-latex/ohdg and tac by fai-1.pdf, id=732, 469.755pt x 325.215pt>
File: eda_oxidative_stress_inflammation_stress_files/figure-latex/ohdg and tac by fai-1.pdf Graphic file (type pdf)
<use eda_oxidative_stress_inflammation_stress_files/figure-latex/ohdg and tac by fai-1.pdf>
Package pdftex.def Info: eda_oxidative_stress_inflammation_stress_files/figure-latex/ohdg and tac by fai-1.pdf  used on input line 1441.
(pdftex.def)             Requested size: 469.75386pt x 325.2142pt.
<eda_oxidative_stress_inflammation_stress_files/figure-latex/ohdg and tac by fai-2.pdf, id=733, 469.755pt x 325.215pt>
File: eda_oxidative_stress_inflammation_stress_files/figure-latex/ohdg and tac by fai-2.pdf Graphic file (type pdf)
<use eda_oxidative_stress_inflammation_stress_files/figure-latex/ohdg and tac by fai-2.pdf>
Package pdftex.def Info: eda_oxidative_stress_inflammation_stress_files/figure-latex/ohdg and tac by fai-2.pdf  used on input line 1442.
(pdftex.def)             Requested size: 469.75386pt x 325.2142pt.

Overfull \hbox (103.58919pt too wide) in paragraph at lines 1441--1443
 []\T1/lmr/bx/n/10 Biomarkers by FAI[] []
 []

[63 <./eda_oxidative_stress_inflammation_stress_files/figure-latex/biomarkers by truncated age class with distance outliers removed-4.pdf>] [64]
Overfull \vbox (2.94283pt too high) has occurred while \output is active []

[65 <./eda_oxidative_stress_inflammation_stress_files/figure-latex/ohdg and tac by fai-1.pdf> <./eda_oxidative_stress_inflammation_stress_files/figure-latex/ohdg and tac by fai-2.pdf>]
<eda_oxidative_stress_inflammation_stress_files/figure-latex/biomarkers by fai-1.pdf, id=769, 469.755pt x 325.215pt>
File: eda_oxidative_stress_inflammation_stress_files/figure-latex/biomarkers by fai-1.pdf Graphic file (type pdf)
<use eda_oxidative_stress_inflammation_stress_files/figure-latex/biomarkers by fai-1.pdf>
Package pdftex.def Info: eda_oxidative_stress_inflammation_stress_files/figure-latex/biomarkers by fai-1.pdf  used on input line 1456.
(pdftex.def)             Requested size: 469.75386pt x 325.2142pt.
<eda_oxidative_stress_inflammation_stress_files/figure-latex/chemstrip glucose and oxidative stress-1.pdf, id=770, 469.755pt x 325.215pt>
File: eda_oxidative_stress_inflammation_stress_files/figure-latex/chemstrip glucose and oxidative stress-1.pdf Graphic file (type pdf)
<use eda_oxidative_stress_inflammation_stress_files/figure-latex/chemstrip glucose and oxidative stress-1.pdf>
Package pdftex.def Info: eda_oxidative_stress_inflammation_stress_files/figure-latex/chemstrip glucose and oxidative stress-1.pdf  used on input line 1478.
(pdftex.def)             Requested size: 469.75386pt x 325.2142pt.
[66 <./eda_oxidative_stress_inflammation_stress_files/figure-latex/biomarkers by fai-1.pdf>]
<eda_oxidative_stress_inflammation_stress_files/figure-latex/chemstrip ketones and biomarkers-1.pdf, id=785, 469.755pt x 325.215pt>
File: eda_oxidative_stress_inflammation_stress_files/figure-latex/chemstrip ketones and biomarkers-1.pdf Graphic file (type pdf)
<use eda_oxidative_stress_inflammation_stress_files/figure-latex/chemstrip ketones and biomarkers-1.pdf>
Package pdftex.def Info: eda_oxidative_stress_inflammation_stress_files/figure-latex/chemstrip ketones and biomarkers-1.pdf  used on input line 1485.
(pdftex.def)             Requested size: 469.75386pt x 325.2142pt.
[67 <./eda_oxidative_stress_inflammation_stress_files/figure-latex/chemstrip glucose and oxidative stress-1.pdf>] [68 <./eda_oxidative_stress_inflammation_stress_files/figure-latex/chemstrip ketones and biomarkers-1.pdf>] [69]
<eda_oxidative_stress_inflammation_stress_files/figure-latex/leukocytes and biomarkers-1.pdf, id=817, 469.755pt x 325.215pt>
File: eda_oxidative_stress_inflammation_stress_files/figure-latex/leukocytes and biomarkers-1.pdf Graphic file (type pdf)
<use eda_oxidative_stress_inflammation_stress_files/figure-latex/leukocytes and biomarkers-1.pdf>
Package pdftex.def Info: eda_oxidative_stress_inflammation_stress_files/figure-latex/leukocytes and biomarkers-1.pdf  used on input line 1608.
(pdftex.def)             Requested size: 469.75386pt x 325.2142pt.
[70 <./eda_oxidative_stress_inflammation_stress_files/figure-latex/leukocytes and biomarkers-1.pdf>]
<eda_oxidative_stress_inflammation_stress_files/figure-latex/elbm and chemstrip violin plots-1.pdf, id=832, 469.755pt x 325.215pt>
File: eda_oxidative_stress_inflammation_stress_files/figure-latex/elbm and chemstrip violin plots-1.pdf Graphic file (type pdf)
<use eda_oxidative_stress_inflammation_stress_files/figure-latex/elbm and chemstrip violin plots-1.pdf>
Package pdftex.def Info: eda_oxidative_stress_inflammation_stress_files/figure-latex/elbm and chemstrip violin plots-1.pdf  used on input line 1647.
(pdftex.def)             Requested size: 469.75386pt x 325.2142pt.
[71 <./eda_oxidative_stress_inflammation_stress_files/figure-latex/elbm and chemstrip violin plots-1.pdf>]

LaTeX Warning: Float too large for page by 4407.25873pt on input line 2515.

[72] [73
pdfTeX warning (ext4): destination with the same identifier (name{table.5}) has been already used, duplicate ignored
<argument> ...shipout:D \box_use:N \l_shipout_box 
                                                  \__shipout_drop_firstpage_...
l.2519 \end{document}
                     ] (./eda_oxidative_stress_inflammation_stress.aux)
Package rerunfilecheck Info: File `eda_oxidative_stress_inflammation_stress.out' has not changed.
(rerunfilecheck)             Checksum: B119F0F5130A0B82613A5B664BDF1835;965.
 ) 
Here is how much of TeX's memory you used:
 12951 strings out of 477977
 246062 string characters out of 5837000
 2098660 words of memory out of 5000000
 32668 multiletter control sequences out of 15000+600000
 557901 words of font info for 72 fonts, out of 8000000 for 9000
 14 hyphenation exceptions out of 8191
 75i,11n,76p,385b,578s stack positions out of 10000i,1000n,20000p,200000b,200000s
<c:/Users/dnaum/AppData/Roaming/TinyTeX/texmf-dist/fonts/type1/public/lm/lmbx10.pfb><c:/Users/dnaum/AppData/Roaming/TinyTeX/texmf-dist/fonts/type1/public/lm/lmbxi10.pfb><c:/Users/dnaum/AppData/Roaming/TinyTeX/texmf-dist/fonts/type1/public/lm/lmr10.pfb><c:/Users/dnaum/AppData/Roaming/TinyTeX/texmf-dist/fonts/type1/public/lm/lmr12.pfb><c:/Users/dnaum/AppData/Roaming/TinyTeX/texmf-dist/fonts/type1/public/lm/lmr17.pfb><c:/Users/dnaum/AppData/Roaming/TinyTeX/texmf-dist/fonts/type1/public/lm/lmri10.pfb><c:/Users/dnaum/AppData/Roaming/TinyTeX/texmf-dist/fonts/type1/public/lm/lmtt10.pfb>
Output written on eda_oxidative_stress_inflammation_stress.pdf (73 pages, 3170204 bytes).
PDF statistics:
 938 PDF objects out of 1000 (max. 8388607)
 720 compressed objects within 8 object streams
 187 named destinations out of 1000 (max. 500000)
 357 words of extra memory for PDF output out of 10000 (max. 10000000)

